<commit-script-input>
<configuration>
  <system>
    <host-name>puff-the-magic-dragon</host-name>
    <domain-name>by-the-sea.example.com</domain-name>
    <name-server>
      <name>10.1.2.3</name>
    </name-server>
  </system>
  <protocols>
    <bgp>
      <metric>15</metric>
    </bgp>
  </protocols>
  <interfaces>
    <interface>
      <name>xe-1/1/1</name>
    </interface>
    <interface>
      <name>ge-1/1/1</name>
    </interface>
  </interfaces>
</configuration>
</commit-script-input>
