<top>
  <measurement fromunit="m" tounit="ft">5000</measurement>
  <measurement fromunit="mm" tounit="in">300</measurement>
  <measurement fromunit="km" tounit="mi">10000</measurement>
  <measurement fromunit="km" tounit="m">40</measurement>
  <measurement fromunit="ft" tounit="in">12</measurement>
  <measurement fromunit="mi" tounit="mm">1</measurement>
  <measurement fromunit="yd" tounit="cm">6</measurement>
</top>