<list>
  <item>
    <name>toy</name>
  </item>
  <item>
    <name>doll</name>
  </item>
</list>