<top>
  <count>12</count>
  <size>4</size>
  <class>counting</class>
  <item>one</item>
  <item>two</item>
  <item>three</item>
  <item>four</item>
</top>