<input>
  <fish>yes</fish>
  <trout>no</trout>
</input>