<doc>
  <name>fish</name>
  <one>This is 'one'</one>
  <two>This is 'two'</two>
  <a>10</a>
  <b>12</b>
  <thing>hand</thing>
  <test>yup</test>
</doc>
