<top>
  <class>counting</class>
  <item>one</item>
  <item>two</item>
  <item>three</item>
  <item>four</item>
</top>