<?xml version="1.0"?>

<!--
     No  	Player  	Pos  	Ht  	Wt  	Age  	Exp  	Birthplace  	2010 Salary
-->
<roster>

<player>
  <number>33</number>
  <last>Babchuk</last>
  <first>Anton</first>
  <position>D</position>
  <height>6-5</height>
  <weight>212</weight>
  <age>26</age>
  <season>7</season>
  <home>Kiev, USSR</home>
</player>

<player>
  <number>21</number>
  <last>Bowman</last>
  <first>Drayson</first>
  <position>LW/RW</position>
  <height>6-0</height>
  <weight>181</weight>
  <age>21</age>
  <season>1</season>
  <home>Grand Rapids, Michigan</home>
</player>

<player>
  <number>26</number>
  <last>Cole</last>
  <first>Erik</first>
  <position>LW</position>
  <height>6-2</height>
  <weight>205</weight>
  <age>31</age>
  <season>9</season>
  <home>Oswego, New York</home>
  <salary>2800000</salary>
</player>

<player>
  <number>77</number>
  <last>Corvo</last>
  <first>Joe</first>
  <position>D</position>
  <height>6-0</height>
  <weight>204</weight>
  <age>33</age>
  <season>8</season>
  <home>Oak Park, Illinois</home>
  <salary>2750000</salary>
</player>

<player>
  <number>22</number>
  <last>Dalpe</last>
  <first>Zac</first>
  <position>C</position>
  <height>6-1</height>
  <weight>195</weight>
  <age>20</age>
  <season>R</season>
  <home>Paris, Ontario</home>
</player>

<player>
  <number>39</number>
  <last>Dwyer</last>
  <first>Pat</first>
  <position>RW</position>
  <height>5-11</height>
  <weight>175</weight>
  <age>27</age>
  <season>3</season>
  <home>Great Falls, Montana</home>
</player>

<player>
  <number>6</number>
  <last>Gleason</last>
  <first>Tim</first>
  <position>D</position>
  <height>6-0</height>
  <weight>217</weight>
  <age>27</age>
  <season>7</season>
  <home>Clawson, Michigan</home>
  <salary>2500000</salary>
</player>

<player>
  <number>44</number>
  <last>Harrison</last>
  <first>Jay</first>
  <position>D</position>
  <height>6-4</height>
  <weight>211</weight>
  <age>27</age>
  <season>5</season>
  <home>Oshawa, Ontario</home>
  <salary>500000</salary>
</player>

<player>
  <number>36</number>
  <last>Jokinen</last>
  <first>Jussi</first>
  <position>LW</position>
  <height>5-11</height>
  <weight>198</weight>
  <age>27</age>
  <season>5</season>
  <home>Kalajoki, Finland</home>
  <salary>1500000</salary>
</player>

<player>
  <number>29</number>
  <last>Kostopoulos</last>
  <first>Tom</first>
  <position>RW</position>
  <height>6-0</height>
  <weight>200</weight>
  <age>31</age>
  <season>9</season>
  <home>Mississauga, Ontario</home>
  <salary>700000</salary>
</player>

<player>
  <number>59</number>
  <last>LaRose</last>
  <first>Chad</first>
  <position>LW</position>
  <height>5-10</height>
  <weight>181</weight>
  <age>28</age>
  <season>5</season>
  <home>Fraser, Michigan</home>
  <salary>1500000</salary>
</player>

<player>
  <number>4</number>
  <last>McBain</last>
  <first>Jamie</first>
  <position>D</position>
  <height>6-2</height>
  <weight>200</weight>
  <age>22</age>
  <season>1</season>
  <home>Edina, Minnesota</home>
</player>

<player>
  <number>8</number>
  <last>O'Sullivan</last>
  <first>Patrick</first>
  <position>C</position>
  <height>5-11</height>
  <weight>190</weight>
  <age>25</age>
  <season>4</season>
  <home>Winston-Salem, North Carolina</home>
  <salary>2387500</salary>
</player>

<player>
  <number>60</number>
  <last>Peters</last>
  <first>Justin</first>
  <position>G</position>
  <height>6-1</height>
  <weight>213</weight>
  <age>24</age>
  <season>2</season>
  <home>Blyth, Ontario</home>
</player>

<player>
  <number>25</number>
  <last>Pitkanen</last>
  <first>Joni</first>
  <position>D</position>
  <height>6-3</height>
  <weight>210</weight>
  <age>27</age>
  <season>7</season>
  <home>Oulu, Finland</home>
  <salary>4000000</salary>
</player>

<player>
  <number>15</number>
  <last>Ruutu</last>
  <first>Tuomo</first>
  <position>LW</position>
  <height>6-0</height>
  <weight>205</weight>
  <age>27</age>
  <season>7</season>
  <home>Vantaa, Finland</home>
  <salary>3000000</salary>
</player>

<player>
  <number>53</number>
  <last>Skinner</last>
  <first>Jeff</first>
  <position>RW</position>
  <height>5-10</height>
  <weight>187</weight>
  <age>18</age>
  <season>R</season>
  <home>Markham, Ontario</home>
</player>

<player>
  <number>12</number>
  <last>Staal</last>
  <first>Eric</first>
  <position>C</position>
  <height>6-4</height>
  <weight>205</weight>
  <age>25</age>
  <season>7</season>
  <home>Thunder Bay, Ontario</home>
  <salary>6000000</salary>
</player>

<player>
  <number>16</number>
  <last>Sutter</last>
  <first>Brandon</first>
  <position>C</position>
  <height>6-3</height>
  <weight>183</weight>
  <age>21</age>
  <season>2</season>
  <home>Huntington, New York</home>
</player>

<player>
  <number>19</number>
  <last>Tlusty</last>
  <first>Jiri</first>
  <position>C</position>
  <height>6-0</height>
  <weight>209</weight>
  <age>22</age>
  <season>3</season>
  <home>Slany, Czechoslovakia</home>
</player>

<player>
  <number>30</number>
  <last>Ward</last>
  <first>Cam</first>
  <position>G</position>
  <height>6-1</height>
  <weight>185</weight>
  <age>26</age>
  <season>5</season>
  <home>Saskatoon, Saskatchewan</home>
  <salary>3500000</salary>
</player>
</roster>


  